[debug] [2024-12-21T16:16:45.404Z] ----------------------------------------------------------------------
[debug] [2024-12-21T16:16:45.406Z] Command:       C:\Program Files\nodejs\node.exe C:\Users\User\AppData\Roaming\npm\node_modules\firebase-tools\lib\bin\firebase.js deploy
[debug] [2024-12-21T16:16:45.406Z] CLI Version:   13.27.0
[debug] [2024-12-21T16:16:45.406Z] Platform:      win32
[debug] [2024-12-21T16:16:45.406Z] Node Version:  v20.16.0
[debug] [2024-12-21T16:16:45.407Z] Time:          Sat Dec 21 2024 18:16:45 GMT+0200 (Israel Standard Time)
[debug] [2024-12-21T16:16:45.407Z] ----------------------------------------------------------------------
[debug] 
[debug] [2024-12-21T16:16:45.468Z] > command requires scopes: ["email","openid","https://www.googleapis.com/auth/cloudplatformprojects.readonly","https://www.googleapis.com/auth/firebase","https://www.googleapis.com/auth/cloud-platform"]
[debug] [2024-12-21T16:16:45.468Z] > authorizing via signed-in user (contact.activitywiz@gmail.com)
[debug] [2024-12-21T16:16:45.468Z] [iam] checking project activity-wizard for permissions ["cloudfunctions.functions.create","cloudfunctions.functions.delete","cloudfunctions.functions.get","cloudfunctions.functions.list","cloudfunctions.functions.update","cloudfunctions.operations.get","firebase.projects.get","firebasehosting.sites.update"]
[debug] [2024-12-21T16:16:45.469Z] Checked if tokens are valid: true, expires at: 1734800320667
[debug] [2024-12-21T16:16:45.470Z] Checked if tokens are valid: true, expires at: 1734800320667
[debug] [2024-12-21T16:16:45.471Z] >>> [apiv2][query] POST https://cloudresourcemanager.googleapis.com/v1/projects/activity-wizard:testIamPermissions [none]
[debug] [2024-12-21T16:16:45.471Z] >>> [apiv2][(partial)header] POST https://cloudresourcemanager.googleapis.com/v1/projects/activity-wizard:testIamPermissions x-goog-quota-user=projects/activity-wizard
[debug] [2024-12-21T16:16:45.471Z] >>> [apiv2][body] POST https://cloudresourcemanager.googleapis.com/v1/projects/activity-wizard:testIamPermissions {"permissions":["cloudfunctions.functions.create","cloudfunctions.functions.delete","cloudfunctions.functions.get","cloudfunctions.functions.list","cloudfunctions.functions.update","cloudfunctions.operations.get","firebase.projects.get","firebasehosting.sites.update"]}
[debug] [2024-12-21T16:16:57.560Z] *** [apiv2] error from fetch(https://cloudresourcemanager.googleapis.com/v1/projects/activity-wizard:testIamPermissions, {"headers":{},"method":"POST","body":"{\"permissions\":[\"cloudfunctions.functions.create\",\"cloudfunctions.functions.delete\",\"cloudfunctions.functions.get\",\"cloudfunctions.functions.list\",\"cloudfunctions.functions.update\",\"cloudfunctions.operations.get\",\"firebase.projects.get\",\"firebasehosting.sites.update\"]}"}): FetchError: request to https://cloudresourcemanager.googleapis.com/v1/projects/activity-wizard:testIamPermissions failed, reason: getaddrinfo ENOTFOUND cloudresourcemanager.googleapis.com
[debug] [2024-12-21T16:16:57.560Z] [iam] error while checking permissions, command may fail: Failed to make request to https://cloudresourcemanager.googleapis.com/v1/projects/activity-wizard:testIamPermissions
[debug] [2024-12-21T16:16:57.561Z] Checked if tokens are valid: true, expires at: 1734800320667
[debug] [2024-12-21T16:16:57.561Z] Checked if tokens are valid: true, expires at: 1734800320667
[debug] [2024-12-21T16:16:57.561Z] >>> [apiv2][query] POST https://iam.googleapis.com/v1/projects/activity-wizard/serviceAccounts/activity-wizard@appspot.gserviceaccount.com:testIamPermissions [none]
[debug] [2024-12-21T16:16:57.562Z] >>> [apiv2][body] POST https://iam.googleapis.com/v1/projects/activity-wizard/serviceAccounts/activity-wizard@appspot.gserviceaccount.com:testIamPermissions {"permissions":["iam.serviceAccounts.actAs"]}
[debug] [2024-12-21T16:17:09.631Z] *** [apiv2] error from fetch(https://iam.googleapis.com/v1/projects/activity-wizard/serviceAccounts/activity-wizard@appspot.gserviceaccount.com:testIamPermissions, {"headers":{},"method":"POST","body":"{\"permissions\":[\"iam.serviceAccounts.actAs\"]}"}): FetchError: request to https://iam.googleapis.com/v1/projects/activity-wizard/serviceAccounts/activity-wizard@appspot.gserviceaccount.com:testIamPermissions failed, reason: getaddrinfo ENOTFOUND iam.googleapis.com
[debug] [2024-12-21T16:17:09.632Z] [functions] service account IAM check errored, deploy may fail: Failed to make request to https://iam.googleapis.com/v1/projects/activity-wizard/serviceAccounts/activity-wizard@appspot.gserviceaccount.com:testIamPermissions {"name":"FirebaseError","children":[],"exit":1,"message":"Failed to make request to https://iam.googleapis.com/v1/projects/activity-wizard/serviceAccounts/activity-wizard@appspot.gserviceaccount.com:testIamPermissions","original":{"message":"request to https://iam.googleapis.com/v1/projects/activity-wizard/serviceAccounts/activity-wizard@appspot.gserviceaccount.com:testIamPermissions failed, reason: getaddrinfo ENOTFOUND iam.googleapis.com","type":"system","errno":"ENOTFOUND","code":"ENOTFOUND"},"status":500}
[debug] [2024-12-21T16:17:09.634Z] Checked if tokens are valid: true, expires at: 1734800320667
[debug] [2024-12-21T16:17:09.635Z] Checked if tokens are valid: true, expires at: 1734800320667
[debug] [2024-12-21T16:17:09.636Z] >>> [apiv2][query] GET https://firebase.googleapis.com/v1beta1/projects/activity-wizard [none]
[debug] [2024-12-21T16:17:09.643Z] *** [apiv2] error from fetch(https://firebase.googleapis.com/v1beta1/projects/activity-wizard, {"headers":{},"method":"GET","signal":{}}): FetchError: request to https://firebase.googleapis.com/v1beta1/projects/activity-wizard failed, reason: getaddrinfo ENOTFOUND firebase.googleapis.com
[debug] [2024-12-21T16:17:09.644Z] Failed to make request to https://firebase.googleapis.com/v1beta1/projects/activity-wizard (original: request to https://firebase.googleapis.com/v1beta1/projects/activity-wizard failed, reason: getaddrinfo ENOTFOUND firebase.googleapis.com)
[error] 
[error] Error: Assertion failed: resolving hosting target of a site with no site name or target name. This should have caused an error earlier
